2025-02-23T16:31:13.429Z  INFO 25728 --- [lab1] [main] com.isi.maven.start.StartApplication     : Starting StartApplication using Java 17.0.12 with PID 25728 (C:\Users\BABY\Desktop\M2GL\JEE\TP1\LAB\lab_maven3\start\target\classes started by BABY in C:\Users\BABY\Desktop\M2GL\JEE\TP1\LAB\lab_maven3)
2025-02-23T16:31:13.452Z  INFO 25728 --- [lab1] [main] com.isi.maven.start.StartApplication     : No active profile set, falling back to 1 default profile: "default"
2025-02-23T16:31:16.414Z  INFO 25728 --- [lab1] [main] .s.d.r.c.RepositoryConfigurationDelegate : Bootstrapping Spring Data JPA repositories in DEFAULT mode.
2025-02-23T16:31:16.537Z  INFO 25728 --- [lab1] [main] .s.d.r.c.RepositoryConfigurationDelegate : Finished Spring Data repository scanning in 102 ms. Found 3 JPA repository interfaces.
2025-02-23T16:31:19.327Z  INFO 25728 --- [lab1] [main] o.s.b.w.embedded.tomcat.TomcatWebServer  : Tomcat initialized with port 8080 (http)
2025-02-23T16:31:19.334Z  INFO 25728 --- [lab1] [main] o.a.catalina.core.AprLifecycleListener   : Loaded Apache Tomcat Native library [2.0.8] using APR version [1.7.4].
2025-02-23T16:31:19.379Z  INFO 25728 --- [lab1] [main] o.a.catalina.core.AprLifecycleListener   : OpenSSL successfully initialized [OpenSSL 3.0.14 4 Jun 2024]
2025-02-23T16:31:19.411Z  INFO 25728 --- [lab1] [main] o.apache.catalina.core.StandardService   : Starting service [Tomcat]
2025-02-23T16:31:19.412Z  INFO 25728 --- [lab1] [main] o.apache.catalina.core.StandardEngine    : Starting Servlet engine: [Apache Tomcat/10.1.34]
2025-02-23T16:31:19.577Z  INFO 25728 --- [lab1] [main] o.a.c.c.C.[Tomcat].[localhost].[/]       : Initializing Spring embedded WebApplicationContext
2025-02-23T16:31:19.578Z  INFO 25728 --- [lab1] [main] w.s.c.ServletWebServerApplicationContext : Root WebApplicationContext: initialization completed in 5910 ms
2025-02-23T16:31:20.177Z DEBUG 25728 --- [lab1] [main] o.s.w.f.ServerHttpObservationFilter      : Filter 'webMvcObservationFilter' configured for use
2025-02-23T16:31:20.518Z  INFO 25728 --- [lab1] [main] com.zaxxer.hikari.HikariDataSource       : HikariPool-1 - Starting...
2025-02-23T16:31:21.870Z  INFO 25728 --- [lab1] [main] o.hibernate.jpa.internal.util.LogHelper  : HHH000204: Processing PersistenceUnitInfo [name: default]
2025-02-23T16:31:22.160Z  INFO 25728 --- [lab1] [main] org.hibernate.Version                    : HHH000412: Hibernate ORM core version 6.6.5.Final
2025-02-23T16:31:22.328Z  INFO 25728 --- [lab1] [main] o.h.c.internal.RegionFactoryInitiator    : HHH000026: Second-level cache disabled
2025-02-23T16:31:23.503Z  INFO 25728 --- [lab1] [main] o.s.o.j.p.SpringPersistenceUnitInfo      : No LoadTimeWeaver setup: ignoring JPA class transformer
2025-02-23T16:31:23.651Z  INFO 25728 --- [lab1] [main] com.zaxxer.hikari.HikariDataSource       : HikariPool-1 - Starting...
2025-02-23T16:31:24.655Z  WARN 25728 --- [lab1] [main] o.h.engine.jdbc.spi.SqlExceptionHelper   : SQL Error: 90011, SQLState: 90011
2025-02-23T16:31:24.657Z ERROR 25728 --- [lab1] [main] o.h.engine.jdbc.spi.SqlExceptionHelper   : Un chemin de fichier implicitement relatif au répertoire de travail actuel n'est pas autorisé dans l'URL de la base de données "jdbc:h2:file:lab1;DB_CLOSE_DELAY=-1;DB_CLOSE_ON_EXIT=FALSE". Utilisez un chemin absolu, ~ /nom, ./nom ou le paramètre baseDir à la place.
A file path that is implicitly relative to the current working directory is not allowed in the database URL "jdbc:h2:file:lab1;DB_CLOSE_DELAY=-1;DB_CLOSE_ON_EXIT=FALSE". Use an absolute path, ~/name, ./name, or the baseDir setting instead. [90011-232]
2025-02-23T16:31:24.660Z  WARN 25728 --- [lab1] [main] o.h.e.j.e.i.JdbcEnvironmentInitiator     : HHH000342: Could not obtain connection to query metadata

org.hibernate.exception.GenericJDBCException: unable to obtain isolated JDBC connection [Un chemin de fichier implicitement relatif au répertoire de travail actuel n'est pas autorisé dans l'URL de la base de données "jdbc:h2:file:lab1;DB_CLOSE_DELAY=-1;DB_CLOSE_ON_EXIT=FALSE". Utilisez un chemin absolu, ~ /nom, ./nom ou le paramètre baseDir à la place.
A file path that is implicitly relative to the current working directory is not allowed in the database URL "jdbc:h2:file:lab1;DB_CLOSE_DELAY=-1;DB_CLOSE_ON_EXIT=FALSE". Use an absolute path, ~/name, ./name, or the baseDir setting instead. [90011-232]] [n/a]
	at org.hibernate.exception.internal.StandardSQLExceptionConverter.convert(StandardSQLExceptionConverter.java:63) ~[hibernate-core-6.6.5.Final.jar:6.6.5.Final]
	at org.hibernate.engine.jdbc.spi.SqlExceptionHelper.convert(SqlExceptionHelper.java:108) ~[hibernate-core-6.6.5.Final.jar:6.6.5.Final]
	at org.hibernate.engine.jdbc.spi.SqlExceptionHelper.convert(SqlExceptionHelper.java:94) ~[hibernate-core-6.6.5.Final.jar:6.6.5.Final]
	at org.hibernate.resource.transaction.backend.jdbc.internal.JdbcIsolationDelegate.delegateWork(JdbcIsolationDelegate.java:116) ~[hibernate-core-6.6.5.Final.jar:6.6.5.Final]
	at org.hibernate.engine.jdbc.env.internal.JdbcEnvironmentInitiator.getJdbcEnvironmentUsingJdbcMetadata(JdbcEnvironmentInitiator.java:320) ~[hibernate-core-6.6.5.Final.jar:6.6.5.Final]
	at org.hibernate.engine.jdbc.env.internal.JdbcEnvironmentInitiator.initiateService(JdbcEnvironmentInitiator.java:129) ~[hibernate-core-6.6.5.Final.jar:6.6.5.Final]
	at org.hibernate.engine.jdbc.env.internal.JdbcEnvironmentInitiator.initiateService(JdbcEnvironmentInitiator.java:81) ~[hibernate-core-6.6.5.Final.jar:6.6.5.Final]
	at org.hibernate.boot.registry.internal.StandardServiceRegistryImpl.initiateService(StandardServiceRegistryImpl.java:130) ~[hibernate-core-6.6.5.Final.jar:6.6.5.Final]
	at org.hibernate.service.internal.AbstractServiceRegistryImpl.createService(AbstractServiceRegistryImpl.java:263) ~[hibernate-core-6.6.5.Final.jar:6.6.5.Final]
	at org.hibernate.service.internal.AbstractServiceRegistryImpl.initializeService(AbstractServiceRegistryImpl.java:238) ~[hibernate-core-6.6.5.Final.jar:6.6.5.Final]
	at org.hibernate.service.internal.AbstractServiceRegistryImpl.getService(AbstractServiceRegistryImpl.java:215) ~[hibernate-core-6.6.5.Final.jar:6.6.5.Final]
	at org.hibernate.boot.model.relational.Database.<init>(Database.java:45) ~[hibernate-core-6.6.5.Final.jar:6.6.5.Final]
	at org.hibernate.boot.internal.InFlightMetadataCollectorImpl.getDatabase(InFlightMetadataCollectorImpl.java:226) ~[hibernate-core-6.6.5.Final.jar:6.6.5.Final]
	at org.hibernate.boot.internal.InFlightMetadataCollectorImpl.<init>(InFlightMetadataCollectorImpl.java:194) ~[hibernate-core-6.6.5.Final.jar:6.6.5.Final]
	at org.hibernate.boot.model.process.spi.MetadataBuildingProcess.complete(MetadataBuildingProcess.java:171) ~[hibernate-core-6.6.5.Final.jar:6.6.5.Final]
	at org.hibernate.jpa.boot.internal.EntityManagerFactoryBuilderImpl.metadata(EntityManagerFactoryBuilderImpl.java:1431) ~[hibernate-core-6.6.5.Final.jar:6.6.5.Final]
	at org.hibernate.jpa.boot.internal.EntityManagerFactoryBuilderImpl.build(EntityManagerFactoryBuilderImpl.java:1502) ~[hibernate-core-6.6.5.Final.jar:6.6.5.Final]
	at org.springframework.orm.jpa.vendor.SpringHibernateJpaPersistenceProvider.createContainerEntityManagerFactory(SpringHibernateJpaPersistenceProvider.java:66) ~[spring-orm-6.2.2.jar:6.2.2]
	at org.springframework.orm.jpa.LocalContainerEntityManagerFactoryBean.createNativeEntityManagerFactory(LocalContainerEntityManagerFactoryBean.java:390) ~[spring-orm-6.2.2.jar:6.2.2]
	at org.springframework.orm.jpa.AbstractEntityManagerFactoryBean.buildNativeEntityManagerFactory(AbstractEntityManagerFactoryBean.java:419) ~[spring-orm-6.2.2.jar:6.2.2]
	at org.springframework.orm.jpa.AbstractEntityManagerFactoryBean.afterPropertiesSet(AbstractEntityManagerFactoryBean.java:400) ~[spring-orm-6.2.2.jar:6.2.2]
	at org.springframework.orm.jpa.LocalContainerEntityManagerFactoryBean.afterPropertiesSet(LocalContainerEntityManagerFactoryBean.java:366) ~[spring-orm-6.2.2.jar:6.2.2]
	at org.springframework.beans.factory.support.AbstractAutowireCapableBeanFactory.invokeInitMethods(AbstractAutowireCapableBeanFactory.java:1859) ~[spring-beans-6.2.2.jar:6.2.2]
	at org.springframework.beans.factory.support.AbstractAutowireCapableBeanFactory.initializeBean(AbstractAutowireCapableBeanFactory.java:1808) ~[spring-beans-6.2.2.jar:6.2.2]
	at org.springframework.beans.factory.support.AbstractAutowireCapableBeanFactory.doCreateBean(AbstractAutowireCapableBeanFactory.java:601) ~[spring-beans-6.2.2.jar:6.2.2]
	at org.springframework.beans.factory.support.AbstractAutowireCapableBeanFactory.createBean(AbstractAutowireCapableBeanFactory.java:523) ~[spring-beans-6.2.2.jar:6.2.2]
	at org.springframework.beans.factory.support.AbstractBeanFactory.lambda$doGetBean$0(AbstractBeanFactory.java:336) ~[spring-beans-6.2.2.jar:6.2.2]
	at org.springframework.beans.factory.support.DefaultSingletonBeanRegistry.getSingleton(DefaultSingletonBeanRegistry.java:307) ~[spring-beans-6.2.2.jar:6.2.2]
	at org.springframework.beans.factory.support.AbstractBeanFactory.doGetBean(AbstractBeanFactory.java:334) ~[spring-beans-6.2.2.jar:6.2.2]
	at org.springframework.beans.factory.support.AbstractBeanFactory.getBean(AbstractBeanFactory.java:204) ~[spring-beans-6.2.2.jar:6.2.2]
	at org.springframework.context.support.AbstractApplicationContext.finishBeanFactoryInitialization(AbstractApplicationContext.java:970) ~[spring-context-6.2.2.jar:6.2.2]
	at org.springframework.context.support.AbstractApplicationContext.refresh(AbstractApplicationContext.java:627) ~[spring-context-6.2.2.jar:6.2.2]
	at org.springframework.boot.web.servlet.context.ServletWebServerApplicationContext.refresh(ServletWebServerApplicationContext.java:146) ~[spring-boot-3.4.2.jar:3.4.2]
	at org.springframework.boot.SpringApplication.refresh(SpringApplication.java:752) ~[spring-boot-3.4.2.jar:3.4.2]
	at org.springframework.boot.SpringApplication.refreshContext(SpringApplication.java:439) ~[spring-boot-3.4.2.jar:3.4.2]
	at org.springframework.boot.SpringApplication.run(SpringApplication.java:318) ~[spring-boot-3.4.2.jar:3.4.2]
	at org.springframework.boot.SpringApplication.run(SpringApplication.java:1361) ~[spring-boot-3.4.2.jar:3.4.2]
	at org.springframework.boot.SpringApplication.run(SpringApplication.java:1350) ~[spring-boot-3.4.2.jar:3.4.2]
	at com.isi.maven.start.StartApplication.main(StartApplication.java:20) ~[classes/:na]
Caused by: org.h2.jdbc.JdbcSQLNonTransientConnectionException: Un chemin de fichier implicitement relatif au répertoire de travail actuel n'est pas autorisé dans l'URL de la base de données "jdbc:h2:file:lab1;DB_CLOSE_DELAY=-1;DB_CLOSE_ON_EXIT=FALSE". Utilisez un chemin absolu, ~ /nom, ./nom ou le paramètre baseDir à la place.
A file path that is implicitly relative to the current working directory is not allowed in the database URL "jdbc:h2:file:lab1;DB_CLOSE_DELAY=-1;DB_CLOSE_ON_EXIT=FALSE". Use an absolute path, ~/name, ./name, or the baseDir setting instead. [90011-232]
	at org.h2.message.DbException.getJdbcSQLException(DbException.java:690) ~[h2-2.3.232.jar:2.3.232]
	at org.h2.message.DbException.getJdbcSQLException(DbException.java:489) ~[h2-2.3.232.jar:2.3.232]
	at org.h2.message.DbException.get(DbException.java:223) ~[h2-2.3.232.jar:2.3.232]
	at org.h2.message.DbException.get(DbException.java:199) ~[h2-2.3.232.jar:2.3.232]
	at org.h2.engine.ConnectionInfo.getName(ConnectionInfo.java:465) ~[h2-2.3.232.jar:2.3.232]
	at org.h2.engine.Engine.openSession(Engine.java:49) ~[h2-2.3.232.jar:2.3.232]
	at org.h2.engine.Engine.openSession(Engine.java:222) ~[h2-2.3.232.jar:2.3.232]
	at org.h2.engine.Engine.createSession(Engine.java:201) ~[h2-2.3.232.jar:2.3.232]
	at org.h2.engine.SessionRemote.connectEmbeddedOrServer(SessionRemote.java:344) ~[h2-2.3.232.jar:2.3.232]
	at org.h2.jdbc.JdbcConnection.<init>(JdbcConnection.java:124) ~[h2-2.3.232.jar:2.3.232]
	at org.h2.Driver.connect(Driver.java:59) ~[h2-2.3.232.jar:2.3.232]
	at com.zaxxer.hikari.util.DriverDataSource.getConnection(DriverDataSource.java:137) ~[HikariCP-5.1.0.jar:na]
	at com.zaxxer.hikari.pool.PoolBase.newConnection(PoolBase.java:360) ~[HikariCP-5.1.0.jar:na]
	at com.zaxxer.hikari.pool.PoolBase.newPoolEntry(PoolBase.java:202) ~[HikariCP-5.1.0.jar:na]
	at com.zaxxer.hikari.pool.HikariPool.createPoolEntry(HikariPool.java:461) ~[HikariCP-5.1.0.jar:na]
	at com.zaxxer.hikari.pool.HikariPool.checkFailFast(HikariPool.java:550) ~[HikariCP-5.1.0.jar:na]
	at com.zaxxer.hikari.pool.HikariPool.<init>(HikariPool.java:98) ~[HikariCP-5.1.0.jar:na]
	at com.zaxxer.hikari.HikariDataSource.getConnection(HikariDataSource.java:111) ~[HikariCP-5.1.0.jar:na]
	at org.hibernate.engine.jdbc.connections.internal.DatasourceConnectionProviderImpl.getConnection(DatasourceConnectionProviderImpl.java:126) ~[hibernate-core-6.6.5.Final.jar:6.6.5.Final]
	at org.hibernate.engine.jdbc.env.internal.JdbcEnvironmentInitiator$ConnectionProviderJdbcConnectionAccess.obtainConnection(JdbcEnvironmentInitiator.java:467) ~[hibernate-core-6.6.5.Final.jar:6.6.5.Final]
	at org.hibernate.resource.transaction.backend.jdbc.internal.JdbcIsolationDelegate.delegateWork(JdbcIsolationDelegate.java:61) ~[hibernate-core-6.6.5.Final.jar:6.6.5.Final]
	... 35 common frames omitted

2025-02-23T16:31:24.774Z  WARN 25728 --- [lab1] [main] org.hibernate.orm.deprecation            : HHH90000025: H2Dialect does not need to be specified explicitly using 'hibernate.dialect' (remove the property setting and it will be selected by default)
2025-02-23T16:31:24.825Z  INFO 25728 --- [lab1] [main] org.hibernate.orm.connections.pooling    : HHH10001005: Database info:
	Database JDBC URL [Connecting through datasource 'HikariDataSource (null)']
	Database driver: undefined/unknown
	Database version: 2.1.214
	Autocommit mode: undefined/unknown
	Isolation level: undefined/unknown
	Minimum pool size: undefined/unknown
	Maximum pool size: undefined/unknown
2025-02-23T16:31:29.061Z  INFO 25728 --- [lab1] [main] o.h.e.t.j.p.i.JtaPlatformInitiator       : HHH000489: No JTA platform available (set 'hibernate.transaction.jta.platform' to enable JTA platform integration)
2025-02-23T16:31:29.081Z  INFO 25728 --- [lab1] [main] j.LocalContainerEntityManagerFactoryBean : Initialized JPA EntityManagerFactory for persistence unit 'default'
2025-02-23T16:31:31.297Z  WARN 25728 --- [lab1] [main] JpaBaseConfiguration$JpaWebConfiguration : spring.jpa.open-in-view is enabled by default. Therefore, database queries may be performed during view rendering. Explicitly configure spring.jpa.open-in-view to disable this warning
2025-02-23T16:31:31.737Z DEBUG 25728 --- [lab1] [main] s.w.s.m.m.a.RequestMappingHandlerMapping : 4 mappings in 'requestMappingHandlerMapping'
2025-02-23T16:31:32.216Z DEBUG 25728 --- [lab1] [main] o.s.w.s.handler.SimpleUrlHandlerMapping  : Patterns [/webjars/**, /**] in 'resourceHandlerMapping'
2025-02-23T16:31:32.372Z DEBUG 25728 --- [lab1] [main] s.w.s.m.m.a.RequestMappingHandlerAdapter : ControllerAdvice beans: 0 @ModelAttribute, 0 @InitBinder, 1 RequestBodyAdvice, 1 ResponseBodyAdvice
2025-02-23T16:31:32.614Z  WARN 25728 --- [lab1] [main] ion$DefaultTemplateResolverConfiguration : Cannot find template location: classpath:/templates/ (please add some templates, check your Thymeleaf configuration, or set spring.thymeleaf.check-template-location=false)
2025-02-23T16:31:32.767Z DEBUG 25728 --- [lab1] [main] .m.m.a.ExceptionHandlerExceptionResolver : ControllerAdvice beans: 1 @ExceptionHandler, 1 ResponseBodyAdvice
2025-02-23T16:31:34.268Z  INFO 25728 --- [lab1] [main] com.zaxxer.hikari.HikariDataSource       : HikariPool-1 - Starting...
2025-02-23T16:31:35.440Z  INFO 25728 --- [lab1] [main] o.s.b.a.e.web.EndpointLinksResolver      : Exposing 1 endpoint beneath base path '/actuator'
2025-02-23T16:31:35.770Z  INFO 25728 --- [lab1] [main] o.s.b.w.embedded.tomcat.TomcatWebServer  : Tomcat started on port 8080 (http) with context path '/'
2025-02-23T16:31:35.832Z  INFO 25728 --- [lab1] [main] com.isi.maven.start.StartApplication     : Started StartApplication in 24.321 seconds (process running for 26.487)
2025-02-23T16:31:36.894Z  INFO 25728 --- [lab1] [RMI TCP Connection(2)-192.168.1.15] o.a.c.c.C.[Tomcat].[localhost].[/]       : Initializing Spring DispatcherServlet 'dispatcherServlet'
2025-02-23T16:31:36.895Z  INFO 25728 --- [lab1] [RMI TCP Connection(2)-192.168.1.15] o.s.web.servlet.DispatcherServlet        : Initializing Servlet 'dispatcherServlet'
2025-02-23T16:31:36.896Z DEBUG 25728 --- [lab1] [RMI TCP Connection(2)-192.168.1.15] o.s.web.servlet.DispatcherServlet        : Detected StandardServletMultipartResolver
2025-02-23T16:31:36.897Z DEBUG 25728 --- [lab1] [RMI TCP Connection(2)-192.168.1.15] o.s.web.servlet.DispatcherServlet        : Detected AcceptHeaderLocaleResolver
2025-02-23T16:31:36.898Z DEBUG 25728 --- [lab1] [RMI TCP Connection(2)-192.168.1.15] o.s.web.servlet.DispatcherServlet        : Detected FixedThemeResolver
2025-02-23T16:31:36.903Z DEBUG 25728 --- [lab1] [RMI TCP Connection(2)-192.168.1.15] o.s.web.servlet.DispatcherServlet        : Detected org.springframework.web.servlet.view.DefaultRequestToViewNameTranslator@cbd9494
2025-02-23T16:31:36.904Z  INFO 25728 --- [lab1] [RMI TCP Connection(1)-192.168.1.15] com.zaxxer.hikari.HikariDataSource       : HikariPool-1 - Starting...
2025-02-23T16:31:36.907Z DEBUG 25728 --- [lab1] [RMI TCP Connection(2)-192.168.1.15] o.s.web.servlet.DispatcherServlet        : Detected org.springframework.web.servlet.support.SessionFlashMapManager@1418a1bd
2025-02-23T16:31:36.910Z DEBUG 25728 --- [lab1] [RMI TCP Connection(2)-192.168.1.15] o.s.web.servlet.DispatcherServlet        : enableLoggingRequestDetails='false': request parameters and headers will be masked to prevent unsafe logging of potentially sensitive data
2025-02-23T16:31:36.912Z  INFO 25728 --- [lab1] [RMI TCP Connection(2)-192.168.1.15] o.s.web.servlet.DispatcherServlet        : Completed initialization in 15 ms
2025-02-23T16:31:37.909Z  WARN 25728 --- [lab1] [RMI TCP Connection(1)-192.168.1.15] o.s.b.a.jdbc.DataSourceHealthIndicator   : DataSource health check failed

org.springframework.jdbc.CannotGetJdbcConnectionException: Failed to obtain JDBC Connection
	at org.springframework.jdbc.datasource.DataSourceUtils.getConnection(DataSourceUtils.java:84) ~[spring-jdbc-6.2.2.jar:6.2.2]
	at org.springframework.jdbc.core.JdbcTemplate.execute(JdbcTemplate.java:342) ~[spring-jdbc-6.2.2.jar:6.2.2]
	at org.springframework.boot.actuate.jdbc.DataSourceHealthIndicator.getProduct(DataSourceHealthIndicator.java:122) ~[spring-boot-actuator-3.4.2.jar:3.4.2]
	at org.springframework.boot.actuate.jdbc.DataSourceHealthIndicator.doDataSourceHealthCheck(DataSourceHealthIndicator.java:105) ~[spring-boot-actuator-3.4.2.jar:3.4.2]
	at org.springframework.boot.actuate.jdbc.DataSourceHealthIndicator.doHealthCheck(DataSourceHealthIndicator.java:100) ~[spring-boot-actuator-3.4.2.jar:3.4.2]
	at org.springframework.boot.actuate.health.AbstractHealthIndicator.health(AbstractHealthIndicator.java:82) ~[spring-boot-actuator-3.4.2.jar:3.4.2]
	at org.springframework.boot.actuate.health.HealthIndicator.getHealth(HealthIndicator.java:37) ~[spring-boot-actuator-3.4.2.jar:3.4.2]
	at org.springframework.boot.actuate.health.HealthEndpoint.getHealth(HealthEndpoint.java:82) ~[spring-boot-actuator-3.4.2.jar:3.4.2]
	at org.springframework.boot.actuate.health.HealthEndpoint.getHealth(HealthEndpoint.java:41) ~[spring-boot-actuator-3.4.2.jar:3.4.2]
	at org.springframework.boot.actuate.health.HealthEndpointSupport.getLoggedHealth(HealthEndpointSupport.java:172) ~[spring-boot-actuator-3.4.2.jar:3.4.2]
	at org.springframework.boot.actuate.health.HealthEndpointSupport.getContribution(HealthEndpointSupport.java:145) ~[spring-boot-actuator-3.4.2.jar:3.4.2]
	at org.springframework.boot.actuate.health.HealthEndpointSupport.getAggregateContribution(HealthEndpointSupport.java:156) ~[spring-boot-actuator-3.4.2.jar:3.4.2]
	at org.springframework.boot.actuate.health.HealthEndpointSupport.getContribution(HealthEndpointSupport.java:141) ~[spring-boot-actuator-3.4.2.jar:3.4.2]
	at org.springframework.boot.actuate.health.HealthEndpointSupport.getHealth(HealthEndpointSupport.java:110) ~[spring-boot-actuator-3.4.2.jar:3.4.2]
	at org.springframework.boot.actuate.health.HealthEndpointSupport.getHealth(HealthEndpointSupport.java:81) ~[spring-boot-actuator-3.4.2.jar:3.4.2]
	at org.springframework.boot.actuate.health.HealthEndpoint.health(HealthEndpoint.java:76) ~[spring-boot-actuator-3.4.2.jar:3.4.2]
	at org.springframework.boot.actuate.health.HealthEndpoint.health(HealthEndpoint.java:66) ~[spring-boot-actuator-3.4.2.jar:3.4.2]
	at java.base/jdk.internal.reflect.NativeMethodAccessorImpl.invoke0(Native Method) ~[na:na]
	at java.base/jdk.internal.reflect.NativeMethodAccessorImpl.invoke(NativeMethodAccessorImpl.java:77) ~[na:na]
	at java.base/jdk.internal.reflect.DelegatingMethodAccessorImpl.invoke(DelegatingMethodAccessorImpl.java:43) ~[na:na]
	at java.base/java.lang.reflect.Method.invoke(Method.java:568) ~[na:na]
	at org.springframework.util.ReflectionUtils.invokeMethod(ReflectionUtils.java:281) ~[spring-core-6.2.2.jar:6.2.2]
	at org.springframework.boot.actuate.endpoint.invoke.reflect.ReflectiveOperationInvoker.invoke(ReflectiveOperationInvoker.java:74) ~[spring-boot-actuator-3.4.2.jar:3.4.2]
	at org.springframework.boot.actuate.endpoint.annotation.AbstractDiscoveredOperation.invoke(AbstractDiscoveredOperation.java:60) ~[spring-boot-actuator-3.4.2.jar:3.4.2]
	at org.springframework.boot.actuate.endpoint.jmx.EndpointMBean.invoke(EndpointMBean.java:124) ~[spring-boot-actuator-3.4.2.jar:3.4.2]
	at org.springframework.boot.actuate.endpoint.jmx.EndpointMBean.invoke(EndpointMBean.java:97) ~[spring-boot-actuator-3.4.2.jar:3.4.2]
	at java.management/com.sun.jmx.interceptor.DefaultMBeanServerInterceptor.invoke(DefaultMBeanServerInterceptor.java:814) ~[na:na]
	at java.management/com.sun.jmx.mbeanserver.JmxMBeanServer.invoke(JmxMBeanServer.java:802) ~[na:na]
	at java.management.rmi/javax.management.remote.rmi.RMIConnectionImpl.doOperation(RMIConnectionImpl.java:1472) ~[na:na]
	at java.management.rmi/javax.management.remote.rmi.RMIConnectionImpl$PrivilegedOperation.run(RMIConnectionImpl.java:1310) ~[na:na]
	at java.management.rmi/javax.management.remote.rmi.RMIConnectionImpl.doPrivilegedOperation(RMIConnectionImpl.java:1405) ~[na:na]
	at java.management.rmi/javax.management.remote.rmi.RMIConnectionImpl.invoke(RMIConnectionImpl.java:829) ~[na:na]
	at java.base/jdk.internal.reflect.GeneratedMethodAccessor48.invoke(Unknown Source) ~[na:na]
	at java.base/jdk.internal.reflect.DelegatingMethodAccessorImpl.invoke(DelegatingMethodAccessorImpl.java:43) ~[na:na]
	at java.base/java.lang.reflect.Method.invoke(Method.java:568) ~[na:na]
	at java.rmi/sun.rmi.server.UnicastServerRef.dispatch(UnicastServerRef.java:360) ~[na:na]
	at java.rmi/sun.rmi.transport.Transport$1.run(Transport.java:200) ~[na:na]
	at java.rmi/sun.rmi.transport.Transport$1.run(Transport.java:197) ~[na:na]
	at java.base/java.security.AccessController.doPrivileged(AccessController.java:712) ~[na:na]
	at java.rmi/sun.rmi.transport.Transport.serviceCall(Transport.java:196) ~[na:na]
	at java.rmi/sun.rmi.transport.tcp.TCPTransport.handleMessages(TCPTransport.java:587) ~[na:na]
	at java.rmi/sun.rmi.transport.tcp.TCPTransport$ConnectionHandler.run0(TCPTransport.java:828) ~[na:na]
	at java.rmi/sun.rmi.transport.tcp.TCPTransport$ConnectionHandler.lambda$run$0(TCPTransport.java:705) ~[na:na]
	at java.base/java.security.AccessController.doPrivileged(AccessController.java:399) ~[na:na]
	at java.rmi/sun.rmi.transport.tcp.TCPTransport$ConnectionHandler.run(TCPTransport.java:704) ~[na:na]
	at java.base/java.util.concurrent.ThreadPoolExecutor.runWorker(ThreadPoolExecutor.java:1136) ~[na:na]
	at java.base/java.util.concurrent.ThreadPoolExecutor$Worker.run(ThreadPoolExecutor.java:635) ~[na:na]
	at java.base/java.lang.Thread.run(Thread.java:842) ~[na:na]
Caused by: org.h2.jdbc.JdbcSQLNonTransientConnectionException: Un chemin de fichier implicitement relatif au répertoire de travail actuel n'est pas autorisé dans l'URL de la base de données "jdbc:h2:file:lab1;DB_CLOSE_DELAY=-1;DB_CLOSE_ON_EXIT=FALSE". Utilisez un chemin absolu, ~ /nom, ./nom ou le paramètre baseDir à la place.
A file path that is implicitly relative to the current working directory is not allowed in the database URL "jdbc:h2:file:lab1;DB_CLOSE_DELAY=-1;DB_CLOSE_ON_EXIT=FALSE". Use an absolute path, ~/name, ./name, or the baseDir setting instead. [90011-232]
	at org.h2.message.DbException.getJdbcSQLException(DbException.java:690) ~[h2-2.3.232.jar:2.3.232]
	at org.h2.message.DbException.getJdbcSQLException(DbException.java:489) ~[h2-2.3.232.jar:2.3.232]
	at org.h2.message.DbException.get(DbException.java:223) ~[h2-2.3.232.jar:2.3.232]
	at org.h2.message.DbException.get(DbException.java:199) ~[h2-2.3.232.jar:2.3.232]
	at org.h2.engine.ConnectionInfo.getName(ConnectionInfo.java:465) ~[h2-2.3.232.jar:2.3.232]
	at org.h2.engine.Engine.openSession(Engine.java:49) ~[h2-2.3.232.jar:2.3.232]
	at org.h2.engine.Engine.openSession(Engine.java:222) ~[h2-2.3.232.jar:2.3.232]
	at org.h2.engine.Engine.createSession(Engine.java:201) ~[h2-2.3.232.jar:2.3.232]
	at org.h2.engine.SessionRemote.connectEmbeddedOrServer(SessionRemote.java:344) ~[h2-2.3.232.jar:2.3.232]
	at org.h2.jdbc.JdbcConnection.<init>(JdbcConnection.java:124) ~[h2-2.3.232.jar:2.3.232]
	at org.h2.Driver.connect(Driver.java:59) ~[h2-2.3.232.jar:2.3.232]
	at com.zaxxer.hikari.util.DriverDataSource.getConnection(DriverDataSource.java:137) ~[HikariCP-5.1.0.jar:na]
	at com.zaxxer.hikari.pool.PoolBase.newConnection(PoolBase.java:360) ~[HikariCP-5.1.0.jar:na]
	at com.zaxxer.hikari.pool.PoolBase.newPoolEntry(PoolBase.java:202) ~[HikariCP-5.1.0.jar:na]
	at com.zaxxer.hikari.pool.HikariPool.createPoolEntry(HikariPool.java:461) ~[HikariCP-5.1.0.jar:na]
	at com.zaxxer.hikari.pool.HikariPool.checkFailFast(HikariPool.java:550) ~[HikariCP-5.1.0.jar:na]
	at com.zaxxer.hikari.pool.HikariPool.<init>(HikariPool.java:98) ~[HikariCP-5.1.0.jar:na]
	at com.zaxxer.hikari.HikariDataSource.getConnection(HikariDataSource.java:111) ~[HikariCP-5.1.0.jar:na]
	at org.springframework.jdbc.datasource.DataSourceUtils.fetchConnection(DataSourceUtils.java:160) ~[spring-jdbc-6.2.2.jar:6.2.2]
	at org.springframework.jdbc.datasource.DataSourceUtils.doGetConnection(DataSourceUtils.java:118) ~[spring-jdbc-6.2.2.jar:6.2.2]
	at org.springframework.jdbc.datasource.DataSourceUtils.getConnection(DataSourceUtils.java:81) ~[spring-jdbc-6.2.2.jar:6.2.2]
	... 47 common frames omitted

2025-02-23T16:32:01.029Z DEBUG 25728 --- [lab1] [http-nio-8080-exec-2] o.s.web.servlet.DispatcherServlet        : GET "/commandes", parameters={}
2025-02-23T16:32:01.059Z DEBUG 25728 --- [lab1] [http-nio-8080-exec-2] s.w.s.m.m.a.RequestMappingHandlerMapping : Mapped to com.isi.maven.services.controller.ICommandeController#getCommande()
2025-02-23T16:32:01.195Z DEBUG 25728 --- [lab1] [http-nio-8080-exec-2] m.m.a.RequestResponseBodyMethodProcessor : Using 'application/json', given [application/json, text/plain, */*] and supported [text/plain, */*, application/json, application/*+json]
2025-02-23T16:32:01.198Z DEBUG 25728 --- [lab1] [http-nio-8080-exec-2] m.m.a.RequestResponseBodyMethodProcessor : Writing ["Commande de vehicules "]
2025-02-23T16:32:01.216Z DEBUG 25728 --- [lab1] [http-nio-8080-exec-2] o.s.web.servlet.DispatcherServlet        : Completed 200 OK
2025-02-23T16:32:05.896Z DEBUG 25728 --- [lab1] [http-nio-8080-exec-1] o.s.web.servlet.DispatcherServlet        : GET "/commandes/somme?a=5&b=6", parameters={masked}
2025-02-23T16:32:05.897Z DEBUG 25728 --- [lab1] [http-nio-8080-exec-1] s.w.s.m.m.a.RequestMappingHandlerMapping : Mapped to com.isi.maven.services.controller.ICommandeController#getSomme(int, int)
2025-02-23T16:32:05.939Z DEBUG 25728 --- [lab1] [http-nio-8080-exec-1] m.m.a.RequestResponseBodyMethodProcessor : Using 'application/json', given [application/json, text/plain, */*] and supported [application/json, application/*+json]
2025-02-23T16:32:05.941Z DEBUG 25728 --- [lab1] [http-nio-8080-exec-1] m.m.a.RequestResponseBodyMethodProcessor : Writing [11]
2025-02-23T16:32:05.971Z DEBUG 25728 --- [lab1] [http-nio-8080-exec-1] o.s.web.servlet.DispatcherServlet        : Completed 200 OK
2025-02-23T16:32:07.408Z DEBUG 25728 --- [lab1] [http-nio-8080-exec-4] o.s.web.servlet.DispatcherServlet        : GET "/commandes/somme?a=5&b=6", parameters={masked}
2025-02-23T16:32:07.410Z DEBUG 25728 --- [lab1] [http-nio-8080-exec-4] s.w.s.m.m.a.RequestMappingHandlerMapping : Mapped to com.isi.maven.services.controller.ICommandeController#getSomme(int, int)
2025-02-23T16:32:07.413Z DEBUG 25728 --- [lab1] [http-nio-8080-exec-4] m.m.a.RequestResponseBodyMethodProcessor : Using 'application/json', given [application/json, text/plain, */*] and supported [application/json, application/*+json]
2025-02-23T16:32:07.414Z DEBUG 25728 --- [lab1] [http-nio-8080-exec-4] m.m.a.RequestResponseBodyMethodProcessor : Writing [11]
2025-02-23T16:32:07.416Z DEBUG 25728 --- [lab1] [http-nio-8080-exec-4] o.s.web.servlet.DispatcherServlet        : Completed 200 OK
2025-02-23T16:33:12.014Z  INFO 25728 --- [lab1] [SpringApplicationShutdownHook] o.s.b.w.e.tomcat.GracefulShutdown        : Commencing graceful shutdown. Waiting for active requests to complete
2025-02-23T16:33:12.144Z  INFO 25728 --- [lab1] [tomcat-shutdown] o.s.b.w.e.tomcat.GracefulShutdown        : Graceful shutdown complete
2025-02-23T16:33:12.154Z  INFO 25728 --- [lab1] [SpringApplicationShutdownHook] j.LocalContainerEntityManagerFactoryBean : Closing JPA EntityManagerFactory for persistence unit 'default'
2025-02-23T16:38:19.852Z  INFO 17632 --- [lab1] [main] com.isi.maven.start.StartApplication     : Starting StartApplication using Java 17.0.12 with PID 17632 (C:\Users\BABY\Desktop\M2GL\JEE\TP1\LAB\lab_maven3\start\target\classes started by BABY in C:\Users\BABY\Desktop\M2GL\JEE\TP1\LAB\lab_maven3)
2025-02-23T16:38:19.862Z  INFO 17632 --- [lab1] [main] com.isi.maven.start.StartApplication     : No active profile set, falling back to 1 default profile: "default"
2025-02-23T16:38:22.929Z  INFO 17632 --- [lab1] [main] .s.d.r.c.RepositoryConfigurationDelegate : Bootstrapping Spring Data JPA repositories in DEFAULT mode.
2025-02-23T16:38:23.078Z  INFO 17632 --- [lab1] [main] .s.d.r.c.RepositoryConfigurationDelegate : Finished Spring Data repository scanning in 111 ms. Found 3 JPA repository interfaces.
2025-02-23T16:38:27.122Z  INFO 17632 --- [lab1] [main] o.s.b.w.embedded.tomcat.TomcatWebServer  : Tomcat initialized with port 8080 (http)
2025-02-23T16:38:27.131Z  INFO 17632 --- [lab1] [main] o.a.catalina.core.AprLifecycleListener   : Loaded Apache Tomcat Native library [2.0.8] using APR version [1.7.4].
2025-02-23T16:38:27.169Z  INFO 17632 --- [lab1] [main] o.a.catalina.core.AprLifecycleListener   : OpenSSL successfully initialized [OpenSSL 3.0.14 4 Jun 2024]
2025-02-23T16:38:27.206Z  INFO 17632 --- [lab1] [main] o.apache.catalina.core.StandardService   : Starting service [Tomcat]
2025-02-23T16:38:27.207Z  INFO 17632 --- [lab1] [main] o.apache.catalina.core.StandardEngine    : Starting Servlet engine: [Apache Tomcat/10.1.34]
2025-02-23T16:38:27.500Z  INFO 17632 --- [lab1] [main] o.a.c.c.C.[Tomcat].[localhost].[/]       : Initializing Spring embedded WebApplicationContext
2025-02-23T16:38:27.501Z  INFO 17632 --- [lab1] [main] w.s.c.ServletWebServerApplicationContext : Root WebApplicationContext: initialization completed in 7473 ms
2025-02-23T16:38:28.221Z DEBUG 17632 --- [lab1] [main] o.s.w.f.ServerHttpObservationFilter      : Filter 'webMvcObservationFilter' configured for use
2025-02-23T16:38:28.582Z  INFO 17632 --- [lab1] [main] com.zaxxer.hikari.HikariDataSource       : HikariPool-1 - Starting...
2025-02-23T16:38:29.962Z  INFO 17632 --- [lab1] [main] o.hibernate.jpa.internal.util.LogHelper  : HHH000204: Processing PersistenceUnitInfo [name: default]
2025-02-23T16:38:30.252Z  INFO 17632 --- [lab1] [main] org.hibernate.Version                    : HHH000412: Hibernate ORM core version 6.6.5.Final
2025-02-23T16:38:30.410Z  INFO 17632 --- [lab1] [main] o.h.c.internal.RegionFactoryInitiator    : HHH000026: Second-level cache disabled
2025-02-23T16:38:31.684Z  INFO 17632 --- [lab1] [main] o.s.o.j.p.SpringPersistenceUnitInfo      : No LoadTimeWeaver setup: ignoring JPA class transformer
2025-02-23T16:38:31.821Z  INFO 17632 --- [lab1] [main] com.zaxxer.hikari.HikariDataSource       : HikariPool-1 - Starting...
2025-02-23T16:38:32.826Z  WARN 17632 --- [lab1] [main] o.h.engine.jdbc.spi.SqlExceptionHelper   : SQL Error: 90011, SQLState: 90011
2025-02-23T16:38:32.828Z ERROR 17632 --- [lab1] [main] o.h.engine.jdbc.spi.SqlExceptionHelper   : Un chemin de fichier implicitement relatif au répertoire de travail actuel n'est pas autorisé dans l'URL de la base de données "jdbc:h2:file:lab1;DB_CLOSE_DELAY=-1;DB_CLOSE_ON_EXIT=FALSE". Utilisez un chemin absolu, ~ /nom, ./nom ou le paramètre baseDir à la place.
A file path that is implicitly relative to the current working directory is not allowed in the database URL "jdbc:h2:file:lab1;DB_CLOSE_DELAY=-1;DB_CLOSE_ON_EXIT=FALSE". Use an absolute path, ~/name, ./name, or the baseDir setting instead. [90011-232]
2025-02-23T16:38:32.833Z  WARN 17632 --- [lab1] [main] o.h.e.j.e.i.JdbcEnvironmentInitiator     : HHH000342: Could not obtain connection to query metadata

org.hibernate.exception.GenericJDBCException: unable to obtain isolated JDBC connection [Un chemin de fichier implicitement relatif au répertoire de travail actuel n'est pas autorisé dans l'URL de la base de données "jdbc:h2:file:lab1;DB_CLOSE_DELAY=-1;DB_CLOSE_ON_EXIT=FALSE". Utilisez un chemin absolu, ~ /nom, ./nom ou le paramètre baseDir à la place.
A file path that is implicitly relative to the current working directory is not allowed in the database URL "jdbc:h2:file:lab1;DB_CLOSE_DELAY=-1;DB_CLOSE_ON_EXIT=FALSE". Use an absolute path, ~/name, ./name, or the baseDir setting instead. [90011-232]] [n/a]
	at org.hibernate.exception.internal.StandardSQLExceptionConverter.convert(StandardSQLExceptionConverter.java:63) ~[hibernate-core-6.6.5.Final.jar:6.6.5.Final]
	at org.hibernate.engine.jdbc.spi.SqlExceptionHelper.convert(SqlExceptionHelper.java:108) ~[hibernate-core-6.6.5.Final.jar:6.6.5.Final]
	at org.hibernate.engine.jdbc.spi.SqlExceptionHelper.convert(SqlExceptionHelper.java:94) ~[hibernate-core-6.6.5.Final.jar:6.6.5.Final]
	at org.hibernate.resource.transaction.backend.jdbc.internal.JdbcIsolationDelegate.delegateWork(JdbcIsolationDelegate.java:116) ~[hibernate-core-6.6.5.Final.jar:6.6.5.Final]
	at org.hibernate.engine.jdbc.env.internal.JdbcEnvironmentInitiator.getJdbcEnvironmentUsingJdbcMetadata(JdbcEnvironmentInitiator.java:320) ~[hibernate-core-6.6.5.Final.jar:6.6.5.Final]
	at org.hibernate.engine.jdbc.env.internal.JdbcEnvironmentInitiator.initiateService(JdbcEnvironmentInitiator.java:129) ~[hibernate-core-6.6.5.Final.jar:6.6.5.Final]
	at org.hibernate.engine.jdbc.env.internal.JdbcEnvironmentInitiator.initiateService(JdbcEnvironmentInitiator.java:81) ~[hibernate-core-6.6.5.Final.jar:6.6.5.Final]
	at org.hibernate.boot.registry.internal.StandardServiceRegistryImpl.initiateService(StandardServiceRegistryImpl.java:130) ~[hibernate-core-6.6.5.Final.jar:6.6.5.Final]
	at org.hibernate.service.internal.AbstractServiceRegistryImpl.createService(AbstractServiceRegistryImpl.java:263) ~[hibernate-core-6.6.5.Final.jar:6.6.5.Final]
	at org.hibernate.service.internal.AbstractServiceRegistryImpl.initializeService(AbstractServiceRegistryImpl.java:238) ~[hibernate-core-6.6.5.Final.jar:6.6.5.Final]
	at org.hibernate.service.internal.AbstractServiceRegistryImpl.getService(AbstractServiceRegistryImpl.java:215) ~[hibernate-core-6.6.5.Final.jar:6.6.5.Final]
	at org.hibernate.boot.model.relational.Database.<init>(Database.java:45) ~[hibernate-core-6.6.5.Final.jar:6.6.5.Final]
	at org.hibernate.boot.internal.InFlightMetadataCollectorImpl.getDatabase(InFlightMetadataCollectorImpl.java:226) ~[hibernate-core-6.6.5.Final.jar:6.6.5.Final]
	at org.hibernate.boot.internal.InFlightMetadataCollectorImpl.<init>(InFlightMetadataCollectorImpl.java:194) ~[hibernate-core-6.6.5.Final.jar:6.6.5.Final]
	at org.hibernate.boot.model.process.spi.MetadataBuildingProcess.complete(MetadataBuildingProcess.java:171) ~[hibernate-core-6.6.5.Final.jar:6.6.5.Final]
	at org.hibernate.jpa.boot.internal.EntityManagerFactoryBuilderImpl.metadata(EntityManagerFactoryBuilderImpl.java:1431) ~[hibernate-core-6.6.5.Final.jar:6.6.5.Final]
	at org.hibernate.jpa.boot.internal.EntityManagerFactoryBuilderImpl.build(EntityManagerFactoryBuilderImpl.java:1502) ~[hibernate-core-6.6.5.Final.jar:6.6.5.Final]
	at org.springframework.orm.jpa.vendor.SpringHibernateJpaPersistenceProvider.createContainerEntityManagerFactory(SpringHibernateJpaPersistenceProvider.java:66) ~[spring-orm-6.2.2.jar:6.2.2]
	at org.springframework.orm.jpa.LocalContainerEntityManagerFactoryBean.createNativeEntityManagerFactory(LocalContainerEntityManagerFactoryBean.java:390) ~[spring-orm-6.2.2.jar:6.2.2]
	at org.springframework.orm.jpa.AbstractEntityManagerFactoryBean.buildNativeEntityManagerFactory(AbstractEntityManagerFactoryBean.java:419) ~[spring-orm-6.2.2.jar:6.2.2]
	at org.springframework.orm.jpa.AbstractEntityManagerFactoryBean.afterPropertiesSet(AbstractEntityManagerFactoryBean.java:400) ~[spring-orm-6.2.2.jar:6.2.2]
	at org.springframework.orm.jpa.LocalContainerEntityManagerFactoryBean.afterPropertiesSet(LocalContainerEntityManagerFactoryBean.java:366) ~[spring-orm-6.2.2.jar:6.2.2]
	at org.springframework.beans.factory.support.AbstractAutowireCapableBeanFactory.invokeInitMethods(AbstractAutowireCapableBeanFactory.java:1859) ~[spring-beans-6.2.2.jar:6.2.2]
	at org.springframework.beans.factory.support.AbstractAutowireCapableBeanFactory.initializeBean(AbstractAutowireCapableBeanFactory.java:1808) ~[spring-beans-6.2.2.jar:6.2.2]
	at org.springframework.beans.factory.support.AbstractAutowireCapableBeanFactory.doCreateBean(AbstractAutowireCapableBeanFactory.java:601) ~[spring-beans-6.2.2.jar:6.2.2]
	at org.springframework.beans.factory.support.AbstractAutowireCapableBeanFactory.createBean(AbstractAutowireCapableBeanFactory.java:523) ~[spring-beans-6.2.2.jar:6.2.2]
	at org.springframework.beans.factory.support.AbstractBeanFactory.lambda$doGetBean$0(AbstractBeanFactory.java:336) ~[spring-beans-6.2.2.jar:6.2.2]
	at org.springframework.beans.factory.support.DefaultSingletonBeanRegistry.getSingleton(DefaultSingletonBeanRegistry.java:307) ~[spring-beans-6.2.2.jar:6.2.2]
	at org.springframework.beans.factory.support.AbstractBeanFactory.doGetBean(AbstractBeanFactory.java:334) ~[spring-beans-6.2.2.jar:6.2.2]
	at org.springframework.beans.factory.support.AbstractBeanFactory.getBean(AbstractBeanFactory.java:204) ~[spring-beans-6.2.2.jar:6.2.2]
	at org.springframework.context.support.AbstractApplicationContext.finishBeanFactoryInitialization(AbstractApplicationContext.java:970) ~[spring-context-6.2.2.jar:6.2.2]
	at org.springframework.context.support.AbstractApplicationContext.refresh(AbstractApplicationContext.java:627) ~[spring-context-6.2.2.jar:6.2.2]
	at org.springframework.boot.web.servlet.context.ServletWebServerApplicationContext.refresh(ServletWebServerApplicationContext.java:146) ~[spring-boot-3.4.2.jar:3.4.2]
	at org.springframework.boot.SpringApplication.refresh(SpringApplication.java:752) ~[spring-boot-3.4.2.jar:3.4.2]
	at org.springframework.boot.SpringApplication.refreshContext(SpringApplication.java:439) ~[spring-boot-3.4.2.jar:3.4.2]
	at org.springframework.boot.SpringApplication.run(SpringApplication.java:318) ~[spring-boot-3.4.2.jar:3.4.2]
	at org.springframework.boot.SpringApplication.run(SpringApplication.java:1361) ~[spring-boot-3.4.2.jar:3.4.2]
	at org.springframework.boot.SpringApplication.run(SpringApplication.java:1350) ~[spring-boot-3.4.2.jar:3.4.2]
	at com.isi.maven.start.StartApplication.main(StartApplication.java:20) ~[classes/:na]
Caused by: org.h2.jdbc.JdbcSQLNonTransientConnectionException: Un chemin de fichier implicitement relatif au répertoire de travail actuel n'est pas autorisé dans l'URL de la base de données "jdbc:h2:file:lab1;DB_CLOSE_DELAY=-1;DB_CLOSE_ON_EXIT=FALSE". Utilisez un chemin absolu, ~ /nom, ./nom ou le paramètre baseDir à la place.
A file path that is implicitly relative to the current working directory is not allowed in the database URL "jdbc:h2:file:lab1;DB_CLOSE_DELAY=-1;DB_CLOSE_ON_EXIT=FALSE". Use an absolute path, ~/name, ./name, or the baseDir setting instead. [90011-232]
	at org.h2.message.DbException.getJdbcSQLException(DbException.java:690) ~[h2-2.3.232.jar:2.3.232]
	at org.h2.message.DbException.getJdbcSQLException(DbException.java:489) ~[h2-2.3.232.jar:2.3.232]
	at org.h2.message.DbException.get(DbException.java:223) ~[h2-2.3.232.jar:2.3.232]
	at org.h2.message.DbException.get(DbException.java:199) ~[h2-2.3.232.jar:2.3.232]
	at org.h2.engine.ConnectionInfo.getName(ConnectionInfo.java:465) ~[h2-2.3.232.jar:2.3.232]
	at org.h2.engine.Engine.openSession(Engine.java:49) ~[h2-2.3.232.jar:2.3.232]
	at org.h2.engine.Engine.openSession(Engine.java:222) ~[h2-2.3.232.jar:2.3.232]
	at org.h2.engine.Engine.createSession(Engine.java:201) ~[h2-2.3.232.jar:2.3.232]
	at org.h2.engine.SessionRemote.connectEmbeddedOrServer(SessionRemote.java:344) ~[h2-2.3.232.jar:2.3.232]
	at org.h2.jdbc.JdbcConnection.<init>(JdbcConnection.java:124) ~[h2-2.3.232.jar:2.3.232]
	at org.h2.Driver.connect(Driver.java:59) ~[h2-2.3.232.jar:2.3.232]
	at com.zaxxer.hikari.util.DriverDataSource.getConnection(DriverDataSource.java:137) ~[HikariCP-5.1.0.jar:na]
	at com.zaxxer.hikari.pool.PoolBase.newConnection(PoolBase.java:360) ~[HikariCP-5.1.0.jar:na]
	at com.zaxxer.hikari.pool.PoolBase.newPoolEntry(PoolBase.java:202) ~[HikariCP-5.1.0.jar:na]
	at com.zaxxer.hikari.pool.HikariPool.createPoolEntry(HikariPool.java:461) ~[HikariCP-5.1.0.jar:na]
	at com.zaxxer.hikari.pool.HikariPool.checkFailFast(HikariPool.java:550) ~[HikariCP-5.1.0.jar:na]
	at com.zaxxer.hikari.pool.HikariPool.<init>(HikariPool.java:98) ~[HikariCP-5.1.0.jar:na]
	at com.zaxxer.hikari.HikariDataSource.getConnection(HikariDataSource.java:111) ~[HikariCP-5.1.0.jar:na]
	at org.hibernate.engine.jdbc.connections.internal.DatasourceConnectionProviderImpl.getConnection(DatasourceConnectionProviderImpl.java:126) ~[hibernate-core-6.6.5.Final.jar:6.6.5.Final]
	at org.hibernate.engine.jdbc.env.internal.JdbcEnvironmentInitiator$ConnectionProviderJdbcConnectionAccess.obtainConnection(JdbcEnvironmentInitiator.java:467) ~[hibernate-core-6.6.5.Final.jar:6.6.5.Final]
	at org.hibernate.resource.transaction.backend.jdbc.internal.JdbcIsolationDelegate.delegateWork(JdbcIsolationDelegate.java:61) ~[hibernate-core-6.6.5.Final.jar:6.6.5.Final]
	... 35 common frames omitted

2025-02-23T16:38:32.920Z  WARN 17632 --- [lab1] [main] org.hibernate.orm.deprecation            : HHH90000025: H2Dialect does not need to be specified explicitly using 'hibernate.dialect' (remove the property setting and it will be selected by default)
2025-02-23T16:38:32.965Z  INFO 17632 --- [lab1] [main] org.hibernate.orm.connections.pooling    : HHH10001005: Database info:
	Database JDBC URL [Connecting through datasource 'HikariDataSource (null)']
	Database driver: undefined/unknown
	Database version: 2.1.214
	Autocommit mode: undefined/unknown
	Isolation level: undefined/unknown
	Minimum pool size: undefined/unknown
	Maximum pool size: undefined/unknown
2025-02-23T16:38:36.910Z  INFO 17632 --- [lab1] [main] o.h.e.t.j.p.i.JtaPlatformInitiator       : HHH000489: No JTA platform available (set 'hibernate.transaction.jta.platform' to enable JTA platform integration)
2025-02-23T16:38:36.926Z  INFO 17632 --- [lab1] [main] j.LocalContainerEntityManagerFactoryBean : Initialized JPA EntityManagerFactory for persistence unit 'default'
2025-02-23T16:38:38.638Z  WARN 17632 --- [lab1] [main] JpaBaseConfiguration$JpaWebConfiguration : spring.jpa.open-in-view is enabled by default. Therefore, database queries may be performed during view rendering. Explicitly configure spring.jpa.open-in-view to disable this warning
2025-02-23T16:38:39.043Z DEBUG 17632 --- [lab1] [main] s.w.s.m.m.a.RequestMappingHandlerMapping : 4 mappings in 'requestMappingHandlerMapping'
2025-02-23T16:38:39.523Z DEBUG 17632 --- [lab1] [main] o.s.w.s.handler.SimpleUrlHandlerMapping  : Patterns [/webjars/**, /**] in 'resourceHandlerMapping'
2025-02-23T16:38:39.678Z DEBUG 17632 --- [lab1] [main] s.w.s.m.m.a.RequestMappingHandlerAdapter : ControllerAdvice beans: 0 @ModelAttribute, 0 @InitBinder, 1 RequestBodyAdvice, 1 ResponseBodyAdvice
2025-02-23T16:38:39.936Z  WARN 17632 --- [lab1] [main] ion$DefaultTemplateResolverConfiguration : Cannot find template location: classpath:/templates/ (please add some templates, check your Thymeleaf configuration, or set spring.thymeleaf.check-template-location=false)
2025-02-23T16:38:40.080Z DEBUG 17632 --- [lab1] [main] .m.m.a.ExceptionHandlerExceptionResolver : ControllerAdvice beans: 1 @ExceptionHandler, 1 ResponseBodyAdvice
2025-02-23T16:38:41.533Z  INFO 17632 --- [lab1] [main] com.zaxxer.hikari.HikariDataSource       : HikariPool-1 - Starting...
2025-02-23T16:38:42.687Z  INFO 17632 --- [lab1] [main] o.s.b.a.e.web.EndpointLinksResolver      : Exposing 1 endpoint beneath base path '/actuator'
2025-02-23T16:38:43.073Z  INFO 17632 --- [lab1] [main] o.s.b.w.embedded.tomcat.TomcatWebServer  : Tomcat started on port 8080 (http) with context path '/'
2025-02-23T16:38:43.134Z  INFO 17632 --- [lab1] [main] com.isi.maven.start.StartApplication     : Started StartApplication in 25.078 seconds (process running for 27.24)
2025-02-23T16:38:43.788Z  INFO 17632 --- [lab1] [RMI TCP Connection(2)-192.168.1.15] com.zaxxer.hikari.HikariDataSource       : HikariPool-1 - Starting...
2025-02-23T16:38:43.789Z  INFO 17632 --- [lab1] [RMI TCP Connection(1)-192.168.1.15] o.a.c.c.C.[Tomcat].[localhost].[/]       : Initializing Spring DispatcherServlet 'dispatcherServlet'
2025-02-23T16:38:43.791Z  INFO 17632 --- [lab1] [RMI TCP Connection(1)-192.168.1.15] o.s.web.servlet.DispatcherServlet        : Initializing Servlet 'dispatcherServlet'
2025-02-23T16:38:43.792Z DEBUG 17632 --- [lab1] [RMI TCP Connection(1)-192.168.1.15] o.s.web.servlet.DispatcherServlet        : Detected StandardServletMultipartResolver
2025-02-23T16:38:43.793Z DEBUG 17632 --- [lab1] [RMI TCP Connection(1)-192.168.1.15] o.s.web.servlet.DispatcherServlet        : Detected AcceptHeaderLocaleResolver
2025-02-23T16:38:43.794Z DEBUG 17632 --- [lab1] [RMI TCP Connection(1)-192.168.1.15] o.s.web.servlet.DispatcherServlet        : Detected FixedThemeResolver
2025-02-23T16:38:43.798Z DEBUG 17632 --- [lab1] [RMI TCP Connection(1)-192.168.1.15] o.s.web.servlet.DispatcherServlet        : Detected org.springframework.web.servlet.view.DefaultRequestToViewNameTranslator@fd8513b
2025-02-23T16:38:43.801Z DEBUG 17632 --- [lab1] [RMI TCP Connection(1)-192.168.1.15] o.s.web.servlet.DispatcherServlet        : Detected org.springframework.web.servlet.support.SessionFlashMapManager@5f67ff3e
2025-02-23T16:38:43.803Z DEBUG 17632 --- [lab1] [RMI TCP Connection(1)-192.168.1.15] o.s.web.servlet.DispatcherServlet        : enableLoggingRequestDetails='false': request parameters and headers will be masked to prevent unsafe logging of potentially sensitive data
2025-02-23T16:38:43.805Z  INFO 17632 --- [lab1] [RMI TCP Connection(1)-192.168.1.15] o.s.web.servlet.DispatcherServlet        : Completed initialization in 12 ms
2025-02-23T16:38:44.792Z  WARN 17632 --- [lab1] [RMI TCP Connection(2)-192.168.1.15] o.s.b.a.jdbc.DataSourceHealthIndicator   : DataSource health check failed

org.springframework.jdbc.CannotGetJdbcConnectionException: Failed to obtain JDBC Connection
	at org.springframework.jdbc.datasource.DataSourceUtils.getConnection(DataSourceUtils.java:84) ~[spring-jdbc-6.2.2.jar:6.2.2]
	at org.springframework.jdbc.core.JdbcTemplate.execute(JdbcTemplate.java:342) ~[spring-jdbc-6.2.2.jar:6.2.2]
	at org.springframework.boot.actuate.jdbc.DataSourceHealthIndicator.getProduct(DataSourceHealthIndicator.java:122) ~[spring-boot-actuator-3.4.2.jar:3.4.2]
	at org.springframework.boot.actuate.jdbc.DataSourceHealthIndicator.doDataSourceHealthCheck(DataSourceHealthIndicator.java:105) ~[spring-boot-actuator-3.4.2.jar:3.4.2]
	at org.springframework.boot.actuate.jdbc.DataSourceHealthIndicator.doHealthCheck(DataSourceHealthIndicator.java:100) ~[spring-boot-actuator-3.4.2.jar:3.4.2]
	at org.springframework.boot.actuate.health.AbstractHealthIndicator.health(AbstractHealthIndicator.java:82) ~[spring-boot-actuator-3.4.2.jar:3.4.2]
	at org.springframework.boot.actuate.health.HealthIndicator.getHealth(HealthIndicator.java:37) ~[spring-boot-actuator-3.4.2.jar:3.4.2]
	at org.springframework.boot.actuate.health.HealthEndpoint.getHealth(HealthEndpoint.java:82) ~[spring-boot-actuator-3.4.2.jar:3.4.2]
	at org.springframework.boot.actuate.health.HealthEndpoint.getHealth(HealthEndpoint.java:41) ~[spring-boot-actuator-3.4.2.jar:3.4.2]
	at org.springframework.boot.actuate.health.HealthEndpointSupport.getLoggedHealth(HealthEndpointSupport.java:172) ~[spring-boot-actuator-3.4.2.jar:3.4.2]
	at org.springframework.boot.actuate.health.HealthEndpointSupport.getContribution(HealthEndpointSupport.java:145) ~[spring-boot-actuator-3.4.2.jar:3.4.2]
	at org.springframework.boot.actuate.health.HealthEndpointSupport.getAggregateContribution(HealthEndpointSupport.java:156) ~[spring-boot-actuator-3.4.2.jar:3.4.2]
	at org.springframework.boot.actuate.health.HealthEndpointSupport.getContribution(HealthEndpointSupport.java:141) ~[spring-boot-actuator-3.4.2.jar:3.4.2]
	at org.springframework.boot.actuate.health.HealthEndpointSupport.getHealth(HealthEndpointSupport.java:110) ~[spring-boot-actuator-3.4.2.jar:3.4.2]
	at org.springframework.boot.actuate.health.HealthEndpointSupport.getHealth(HealthEndpointSupport.java:81) ~[spring-boot-actuator-3.4.2.jar:3.4.2]
	at org.springframework.boot.actuate.health.HealthEndpoint.health(HealthEndpoint.java:76) ~[spring-boot-actuator-3.4.2.jar:3.4.2]
	at org.springframework.boot.actuate.health.HealthEndpoint.health(HealthEndpoint.java:66) ~[spring-boot-actuator-3.4.2.jar:3.4.2]
	at java.base/jdk.internal.reflect.NativeMethodAccessorImpl.invoke0(Native Method) ~[na:na]
	at java.base/jdk.internal.reflect.NativeMethodAccessorImpl.invoke(NativeMethodAccessorImpl.java:77) ~[na:na]
	at java.base/jdk.internal.reflect.DelegatingMethodAccessorImpl.invoke(DelegatingMethodAccessorImpl.java:43) ~[na:na]
	at java.base/java.lang.reflect.Method.invoke(Method.java:568) ~[na:na]
	at org.springframework.util.ReflectionUtils.invokeMethod(ReflectionUtils.java:281) ~[spring-core-6.2.2.jar:6.2.2]
	at org.springframework.boot.actuate.endpoint.invoke.reflect.ReflectiveOperationInvoker.invoke(ReflectiveOperationInvoker.java:74) ~[spring-boot-actuator-3.4.2.jar:3.4.2]
	at org.springframework.boot.actuate.endpoint.annotation.AbstractDiscoveredOperation.invoke(AbstractDiscoveredOperation.java:60) ~[spring-boot-actuator-3.4.2.jar:3.4.2]
	at org.springframework.boot.actuate.endpoint.jmx.EndpointMBean.invoke(EndpointMBean.java:124) ~[spring-boot-actuator-3.4.2.jar:3.4.2]
	at org.springframework.boot.actuate.endpoint.jmx.EndpointMBean.invoke(EndpointMBean.java:97) ~[spring-boot-actuator-3.4.2.jar:3.4.2]
	at java.management/com.sun.jmx.interceptor.DefaultMBeanServerInterceptor.invoke(DefaultMBeanServerInterceptor.java:814) ~[na:na]
	at java.management/com.sun.jmx.mbeanserver.JmxMBeanServer.invoke(JmxMBeanServer.java:802) ~[na:na]
	at java.management.rmi/javax.management.remote.rmi.RMIConnectionImpl.doOperation(RMIConnectionImpl.java:1472) ~[na:na]
	at java.management.rmi/javax.management.remote.rmi.RMIConnectionImpl$PrivilegedOperation.run(RMIConnectionImpl.java:1310) ~[na:na]
	at java.management.rmi/javax.management.remote.rmi.RMIConnectionImpl.doPrivilegedOperation(RMIConnectionImpl.java:1405) ~[na:na]
	at java.management.rmi/javax.management.remote.rmi.RMIConnectionImpl.invoke(RMIConnectionImpl.java:829) ~[na:na]
	at java.base/jdk.internal.reflect.GeneratedMethodAccessor47.invoke(Unknown Source) ~[na:na]
	at java.base/jdk.internal.reflect.DelegatingMethodAccessorImpl.invoke(DelegatingMethodAccessorImpl.java:43) ~[na:na]
	at java.base/java.lang.reflect.Method.invoke(Method.java:568) ~[na:na]
	at java.rmi/sun.rmi.server.UnicastServerRef.dispatch(UnicastServerRef.java:360) ~[na:na]
	at java.rmi/sun.rmi.transport.Transport$1.run(Transport.java:200) ~[na:na]
	at java.rmi/sun.rmi.transport.Transport$1.run(Transport.java:197) ~[na:na]
	at java.base/java.security.AccessController.doPrivileged(AccessController.java:712) ~[na:na]
	at java.rmi/sun.rmi.transport.Transport.serviceCall(Transport.java:196) ~[na:na]
	at java.rmi/sun.rmi.transport.tcp.TCPTransport.handleMessages(TCPTransport.java:587) ~[na:na]
	at java.rmi/sun.rmi.transport.tcp.TCPTransport$ConnectionHandler.run0(TCPTransport.java:828) ~[na:na]
	at java.rmi/sun.rmi.transport.tcp.TCPTransport$ConnectionHandler.lambda$run$0(TCPTransport.java:705) ~[na:na]
	at java.base/java.security.AccessController.doPrivileged(AccessController.java:399) ~[na:na]
	at java.rmi/sun.rmi.transport.tcp.TCPTransport$ConnectionHandler.run(TCPTransport.java:704) ~[na:na]
	at java.base/java.util.concurrent.ThreadPoolExecutor.runWorker(ThreadPoolExecutor.java:1136) ~[na:na]
	at java.base/java.util.concurrent.ThreadPoolExecutor$Worker.run(ThreadPoolExecutor.java:635) ~[na:na]
	at java.base/java.lang.Thread.run(Thread.java:842) ~[na:na]
Caused by: org.h2.jdbc.JdbcSQLNonTransientConnectionException: Un chemin de fichier implicitement relatif au répertoire de travail actuel n'est pas autorisé dans l'URL de la base de données "jdbc:h2:file:lab1;DB_CLOSE_DELAY=-1;DB_CLOSE_ON_EXIT=FALSE". Utilisez un chemin absolu, ~ /nom, ./nom ou le paramètre baseDir à la place.
A file path that is implicitly relative to the current working directory is not allowed in the database URL "jdbc:h2:file:lab1;DB_CLOSE_DELAY=-1;DB_CLOSE_ON_EXIT=FALSE". Use an absolute path, ~/name, ./name, or the baseDir setting instead. [90011-232]
	at org.h2.message.DbException.getJdbcSQLException(DbException.java:690) ~[h2-2.3.232.jar:2.3.232]
	at org.h2.message.DbException.getJdbcSQLException(DbException.java:489) ~[h2-2.3.232.jar:2.3.232]
	at org.h2.message.DbException.get(DbException.java:223) ~[h2-2.3.232.jar:2.3.232]
	at org.h2.message.DbException.get(DbException.java:199) ~[h2-2.3.232.jar:2.3.232]
	at org.h2.engine.ConnectionInfo.getName(ConnectionInfo.java:465) ~[h2-2.3.232.jar:2.3.232]
	at org.h2.engine.Engine.openSession(Engine.java:49) ~[h2-2.3.232.jar:2.3.232]
	at org.h2.engine.Engine.openSession(Engine.java:222) ~[h2-2.3.232.jar:2.3.232]
	at org.h2.engine.Engine.createSession(Engine.java:201) ~[h2-2.3.232.jar:2.3.232]
	at org.h2.engine.SessionRemote.connectEmbeddedOrServer(SessionRemote.java:344) ~[h2-2.3.232.jar:2.3.232]
	at org.h2.jdbc.JdbcConnection.<init>(JdbcConnection.java:124) ~[h2-2.3.232.jar:2.3.232]
	at org.h2.Driver.connect(Driver.java:59) ~[h2-2.3.232.jar:2.3.232]
	at com.zaxxer.hikari.util.DriverDataSource.getConnection(DriverDataSource.java:137) ~[HikariCP-5.1.0.jar:na]
	at com.zaxxer.hikari.pool.PoolBase.newConnection(PoolBase.java:360) ~[HikariCP-5.1.0.jar:na]
	at com.zaxxer.hikari.pool.PoolBase.newPoolEntry(PoolBase.java:202) ~[HikariCP-5.1.0.jar:na]
	at com.zaxxer.hikari.pool.HikariPool.createPoolEntry(HikariPool.java:461) ~[HikariCP-5.1.0.jar:na]
	at com.zaxxer.hikari.pool.HikariPool.checkFailFast(HikariPool.java:550) ~[HikariCP-5.1.0.jar:na]
	at com.zaxxer.hikari.pool.HikariPool.<init>(HikariPool.java:98) ~[HikariCP-5.1.0.jar:na]
	at com.zaxxer.hikari.HikariDataSource.getConnection(HikariDataSource.java:111) ~[HikariCP-5.1.0.jar:na]
	at org.springframework.jdbc.datasource.DataSourceUtils.fetchConnection(DataSourceUtils.java:160) ~[spring-jdbc-6.2.2.jar:6.2.2]
	at org.springframework.jdbc.datasource.DataSourceUtils.doGetConnection(DataSourceUtils.java:118) ~[spring-jdbc-6.2.2.jar:6.2.2]
	at org.springframework.jdbc.datasource.DataSourceUtils.getConnection(DataSourceUtils.java:81) ~[spring-jdbc-6.2.2.jar:6.2.2]
	... 47 common frames omitted

2025-02-23T16:41:24.964Z DEBUG 17632 --- [lab1] [http-nio-8080-exec-1] o.s.web.servlet.DispatcherServlet        : GET "/commandes", parameters={}
2025-02-23T16:41:24.990Z DEBUG 17632 --- [lab1] [http-nio-8080-exec-1] s.w.s.m.m.a.RequestMappingHandlerMapping : Mapped to com.isi.maven.services.controller.ICommandeController#getCommande()
2025-02-23T16:41:25.132Z DEBUG 17632 --- [lab1] [http-nio-8080-exec-1] m.m.a.RequestResponseBodyMethodProcessor : Using 'application/json', given [application/json, text/plain, */*] and supported [text/plain, */*, application/json, application/*+json]
2025-02-23T16:41:25.139Z DEBUG 17632 --- [lab1] [http-nio-8080-exec-1] m.m.a.RequestResponseBodyMethodProcessor : Writing ["Commande de vehicules "]
2025-02-23T16:41:25.157Z DEBUG 17632 --- [lab1] [http-nio-8080-exec-1] o.s.web.servlet.DispatcherServlet        : Completed 200 OK
2025-02-23T16:42:34.943Z DEBUG 17632 --- [lab1] [http-nio-8080-exec-3] o.s.web.servlet.DispatcherServlet        : GET "/commandes", parameters={}
2025-02-23T16:42:34.946Z DEBUG 17632 --- [lab1] [http-nio-8080-exec-3] s.w.s.m.m.a.RequestMappingHandlerMapping : Mapped to com.isi.maven.services.controller.ICommandeController#getCommande()
2025-02-23T16:42:34.951Z DEBUG 17632 --- [lab1] [http-nio-8080-exec-3] m.m.a.RequestResponseBodyMethodProcessor : Using 'text/html', given [text/html, application/xhtml+xml, image/avif, image/webp, image/apng, application/xml;q=0.9, */*;q=0.8, application/signed-exchange;v=b3;q=0.7] and supported [text/plain, */*, application/json, application/*+json]
2025-02-23T16:42:34.952Z DEBUG 17632 --- [lab1] [http-nio-8080-exec-3] m.m.a.RequestResponseBodyMethodProcessor : Writing ["Commande de vehicules "]
2025-02-23T16:42:34.958Z DEBUG 17632 --- [lab1] [http-nio-8080-exec-3] o.s.web.servlet.DispatcherServlet        : Completed 200 OK
2025-02-23T16:42:43.215Z DEBUG 17632 --- [lab1] [http-nio-8080-exec-5] o.s.web.servlet.DispatcherServlet        : GET "/commandes", parameters={}
2025-02-23T16:42:43.217Z DEBUG 17632 --- [lab1] [http-nio-8080-exec-5] s.w.s.m.m.a.RequestMappingHandlerMapping : Mapped to com.isi.maven.services.controller.ICommandeController#getCommande()
2025-02-23T16:42:43.221Z DEBUG 17632 --- [lab1] [http-nio-8080-exec-5] m.m.a.RequestResponseBodyMethodProcessor : Using 'application/json', given [application/json, text/plain, */*] and supported [text/plain, */*, application/json, application/*+json]
2025-02-23T16:42:43.222Z DEBUG 17632 --- [lab1] [http-nio-8080-exec-5] m.m.a.RequestResponseBodyMethodProcessor : Writing ["Commande de vehicules "]
2025-02-23T16:42:43.224Z DEBUG 17632 --- [lab1] [http-nio-8080-exec-5] o.s.web.servlet.DispatcherServlet        : Completed 200 OK
2025-02-23T16:45:46.524Z DEBUG 17632 --- [lab1] [http-nio-8080-exec-8] o.s.web.servlet.DispatcherServlet        : GET "/commandes", parameters={}
2025-02-23T16:45:46.529Z DEBUG 17632 --- [lab1] [http-nio-8080-exec-8] s.w.s.m.m.a.RequestMappingHandlerMapping : Mapped to com.isi.maven.services.controller.ICommandeController#getCommande()
2025-02-23T16:45:46.534Z DEBUG 17632 --- [lab1] [http-nio-8080-exec-8] m.m.a.RequestResponseBodyMethodProcessor : Using 'application/json', given [application/json, text/plain, */*] and supported [text/plain, */*, application/json, application/*+json]
2025-02-23T16:45:46.535Z DEBUG 17632 --- [lab1] [http-nio-8080-exec-8] m.m.a.RequestResponseBodyMethodProcessor : Writing ["Commande de vehicules "]
2025-02-23T16:45:46.536Z DEBUG 17632 --- [lab1] [http-nio-8080-exec-8] o.s.web.servlet.DispatcherServlet        : Completed 200 OK
2025-02-23T16:45:48.349Z DEBUG 17632 --- [lab1] [http-nio-8080-exec-7] o.s.web.servlet.DispatcherServlet        : GET "/commandes/somme?a=5&b=6", parameters={masked}
2025-02-23T16:45:48.351Z DEBUG 17632 --- [lab1] [http-nio-8080-exec-7] s.w.s.m.m.a.RequestMappingHandlerMapping : Mapped to com.isi.maven.services.controller.ICommandeController#getSomme(int, int)
2025-02-23T16:45:48.392Z DEBUG 17632 --- [lab1] [http-nio-8080-exec-7] m.m.a.RequestResponseBodyMethodProcessor : Using 'application/json', given [application/json, text/plain, */*] and supported [application/json, application/*+json]
2025-02-23T16:45:48.393Z DEBUG 17632 --- [lab1] [http-nio-8080-exec-7] m.m.a.RequestResponseBodyMethodProcessor : Writing [11]
2025-02-23T16:45:48.423Z DEBUG 17632 --- [lab1] [http-nio-8080-exec-7] o.s.web.servlet.DispatcherServlet        : Completed 200 OK
2025-02-23T16:48:05.814Z DEBUG 17632 --- [lab1] [http-nio-8080-exec-1] o.s.web.servlet.DispatcherServlet        : GET "/commandes", parameters={}
2025-02-23T16:48:05.816Z DEBUG 17632 --- [lab1] [http-nio-8080-exec-1] s.w.s.m.m.a.RequestMappingHandlerMapping : Mapped to com.isi.maven.services.controller.ICommandeController#getCommande()
2025-02-23T16:48:05.823Z DEBUG 17632 --- [lab1] [http-nio-8080-exec-1] m.m.a.RequestResponseBodyMethodProcessor : Using 'application/json', given [application/json, text/plain, */*] and supported [text/plain, */*, application/json, application/*+json]
2025-02-23T16:48:05.824Z DEBUG 17632 --- [lab1] [http-nio-8080-exec-1] m.m.a.RequestResponseBodyMethodProcessor : Writing ["Commande de vehicules "]
2025-02-23T16:48:05.827Z DEBUG 17632 --- [lab1] [http-nio-8080-exec-1] o.s.web.servlet.DispatcherServlet        : Completed 200 OK
2025-02-23T16:48:40.095Z DEBUG 17632 --- [lab1] [http-nio-8080-exec-2] o.s.web.servlet.DispatcherServlet        : GET "/commandes/somme?a=5&b=6", parameters={masked}
2025-02-23T16:48:40.097Z DEBUG 17632 --- [lab1] [http-nio-8080-exec-2] s.w.s.m.m.a.RequestMappingHandlerMapping : Mapped to com.isi.maven.services.controller.ICommandeController#getSomme(int, int)
2025-02-23T16:48:40.102Z DEBUG 17632 --- [lab1] [http-nio-8080-exec-2] m.m.a.RequestResponseBodyMethodProcessor : Using 'application/json', given [application/json, text/plain, */*] and supported [application/json, application/*+json]
2025-02-23T16:48:40.105Z DEBUG 17632 --- [lab1] [http-nio-8080-exec-2] m.m.a.RequestResponseBodyMethodProcessor : Writing [11]
2025-02-23T16:48:40.111Z DEBUG 17632 --- [lab1] [http-nio-8080-exec-2] o.s.web.servlet.DispatcherServlet        : Completed 200 OK
2025-02-23T16:55:05.705Z  INFO 17632 --- [lab1] [SpringApplicationShutdownHook] o.s.b.w.e.tomcat.GracefulShutdown        : Commencing graceful shutdown. Waiting for active requests to complete
2025-02-23T16:55:06.175Z  INFO 17632 --- [lab1] [tomcat-shutdown] o.s.b.w.e.tomcat.GracefulShutdown        : Graceful shutdown complete
2025-02-23T16:55:06.212Z  INFO 17632 --- [lab1] [SpringApplicationShutdownHook] j.LocalContainerEntityManagerFactoryBean : Closing JPA EntityManagerFactory for persistence unit 'default'
